#
# A fatal error has been detected by the Java Runtime Environment:
#
#  EXCEPTION_ACCESS_VIOLATION (0xc0000005) at pc=0x0000000072ee7066, pid=15708, tid=0x000000000000481c
#
# JRE version: Java(TM) SE Runtime Environment (8.0_181-b13) (build 1.8.0_181-b13)
# Java VM: Java HotSpot(TM) 64-Bit Server VM (25.181-b13 mixed mode windows-amd64 compressed oops)
# Problematic frame:
# V  [jvm.dll+0x237066]
#
# Failed to write core dump. Minidumps are not enabled by default on client versions of Windows
#
# If you would like to submit a bug report, please visit:
#   http://bugreport.java.com/bugreport/crash.jsp
#

---------------  T H R E A D  ---------------

Current thread (0x00000000211ca000):  VMThread [stack: 0x0000000022eb0000,0x0000000022fb0000] [id=18460]

siginfo: ExceptionCode=0xc0000005, reading address 0x0000000000000008

Registers:
RAX=0x0000000000000000, RBX=0x0000000022faee70, RCX=0x0000000022faee70, RDX=0x0000000000000028
RSP=0x0000000022faeba0, RBP=0x0000000022faf3b0, RSI=0x0000000000000000, RDI=0x0000000022faf540
R8 =0x0000000000000000, R9 =0x0000000020c09ab0, R10=0x0000000000000008, R11=0x00000000732b7f18
R12=0x00000000210554b0, R13=0x0000000022faf370, R14=0x00000000000003d8, R15=0x0000000022faf360
RIP=0x0000000072ee7066, EFLAGS=0x0000000000010202

Top of Stack: (sp=0x0000000022faeba0)
0x0000000022faeba0:   00000000210553f0 0000000072ee70b3
0x0000000022faebb0:   00000000211c9770 00000000211c9770
0x0000000022faebc0:   0000000000000000 0000000000000000
0x0000000022faebd0:   0000000022faf250 0000000072ee70b3
0x0000000022faebe0:   0000000024d86070 0000000022faf2b0
0x0000000022faebf0:   0000000022faf2b0 0000000072ee72ab
0x0000000022faec00:   0000000024d87870 0000000000000000
0x0000000022faec10:   00003fc6fc3ed621 0000000024d87270
0x0000000022faec20:   0000000000000000 0000000072ee74ef
0x0000000022faec30:   0000000022faedb0 0000000000000000
0x0000000022faec40:   000000000299f3c0 000000000299f2e0
0x0000000022faec50:   ffffffff00000000 0000000000000000
0x0000000022faec60:   0000000000000000 0000000072ee70b3
0x0000000022faec70:   0000001d0000000b 0000000024d87910
0x0000000022faec80:   000000000000000b 0000001d00000000
0x0000000022faec90:   0000000024d87970 0000008d0000008c 

Instructions: (pc=0x0000000072ee7066)
0x0000000072ee7046:   01 00 00 48 8b 05 30 a8 5b 00 48 33 c4 48 89 84
0x0000000072ee7056:   24 30 01 00 00 4c 63 41 10 48 8b 41 08 48 8b d9
0x0000000072ee7066:   42 38 54 00 08 74 33 44 0f be c2 48 8d 4c 24 20
0x0000000072ee7076:   48 8d 15 13 e3 3e 00 e8 ee ec de ff 48 8d 0d 97 


Register to memory mapping:

RAX=0x0000000000000000 is an unknown value
RBX=0x0000000022faee70 is an unknown value
RCX=0x0000000022faee70 is an unknown value
RDX=0x0000000000000028 is an unknown value
RSP=0x0000000022faeba0 is an unknown value
RBP=0x0000000022faf3b0 is an unknown value
RSI=0x0000000000000000 is an unknown value
RDI=0x0000000022faf540 is an unknown value
R8 =0x0000000000000000 is an unknown value
R9 =0x0000000020c09ab0 is pointing into metadata
R10=0x0000000000000008 is an unknown value
R11=0x00000000732b7f18 is an unknown value
R12=0x00000000210554b0 is an unknown value
R13=0x0000000022faf370 is an unknown value
R14=0x00000000000003d8 is an unknown value
R15=0x0000000022faf360 is an unknown value


Stack: [0x0000000022eb0000,0x0000000022fb0000],  sp=0x0000000022faeba0,  free space=1018k
Native frames: (J=compiled Java code, j=interpreted, Vv=VM code, C=native code)
V  [jvm.dll+0x237066]
V  [jvm.dll+0x2376e4]
V  [jvm.dll+0xff4a3]
V  [jvm.dll+0x1025b9]
V  [jvm.dll+0x10305f]
V  [jvm.dll+0x1038a5]
V  [jvm.dll+0x103af2]
V  [jvm.dll+0xc50be]
V  [jvm.dll+0xc5748]
V  [jvm.dll+0xc587a]
V  [jvm.dll+0xc5a78]
V  [jvm.dll+0x10f94a]
V  [jvm.dll+0x12d22f]
V  [jvm.dll+0x1bf3df]
V  [jvm.dll+0x24cc27]
V  [jvm.dll+0x24bec6]
V  [jvm.dll+0x24c361]
V  [jvm.dll+0x24c57e]
V  [jvm.dll+0x29e64a]
C  [msvcr100.dll+0x21d9f]
C  [msvcr100.dll+0x21e3b]
C  [KERNEL32.DLL+0x17bd4]
C  [ntdll.dll+0x6ce51]

VM_Operation (0x00000000239bf300): GetOrSetLocal, mode: safepoint, requested by thread 0x00000000230f6800


---------------  P R O C E S S  ---------------

Java Threads: ( => current thread )
  0x0000000023cad000 JavaThread "Service Thread" daemon [_thread_blocked, id=18308, stack(0x00000000247c0000,0x00000000248c0000)]
  0x0000000023c0f800 JavaThread "C1 CompilerThread3" daemon [_thread_blocked, id=15844, stack(0x00000000246c0000,0x00000000247c0000)]
  0x0000000023c0f000 JavaThread "C2 CompilerThread2" daemon [_thread_blocked, id=18124, stack(0x00000000245c0000,0x00000000246c0000)]
  0x0000000023492800 JavaThread "C2 CompilerThread1" daemon [_thread_blocked, id=3200, stack(0x00000000244c0000,0x00000000245c0000)]
  0x0000000023491800 JavaThread "C2 CompilerThread0" daemon [_thread_blocked, id=11280, stack(0x00000000243c0000,0x00000000244c0000)]
  0x00000000230fa800 JavaThread "JDWP Command Reader" daemon [_thread_in_native, id=7812, stack(0x0000000023ac0000,0x0000000023bc0000)]
  0x00000000230f7800 JavaThread "JDWP Event Helper Thread" daemon [_thread_blocked, id=18828, stack(0x00000000239c0000,0x0000000023ac0000)]
  0x00000000230f6800 JavaThread "JDWP Transport Listener: dt_socket" daemon [_thread_blocked, id=7860, stack(0x00000000238c0000,0x00000000239c0000)]
  0x00000000230e2800 JavaThread "Attach Listener" daemon [_thread_blocked, id=19232, stack(0x00000000237c0000,0x00000000238c0000)]
  0x00000000230e1000 JavaThread "Signal Dispatcher" daemon [_thread_blocked, id=10684, stack(0x00000000236c0000,0x00000000237c0000)]
  0x00000000230d0800 JavaThread "Finalizer" daemon [_thread_blocked, id=7080, stack(0x00000000234b0000,0x00000000235b0000)]
  0x0000000002b6d800 JavaThread "Reference Handler" daemon [_thread_blocked, id=19016, stack(0x0000000022fb0000,0x00000000230b0000)]
  0x0000000002a77800 JavaThread "main" [_thread_blocked, id=16712, stack(0x00000000028a0000,0x00000000029a0000)]

Other Threads:
=>0x00000000211ca000 VMThread [stack: 0x0000000022eb0000,0x0000000022fb0000] [id=18460]
  0x0000000023c5f800 WatcherThread [stack: 0x00000000248c0000,0x00000000249c0000] [id=6264]

VM state:at safepoint (normal execution)

VM Mutex/Monitor currently owned by a thread:  ([mutex/lock_event])
[0x0000000002a74500] Threads_lock - owner thread: 0x00000000211ca000

Heap:
 PSYoungGen      total 114688K, used 35424K [0x0000000740380000, 0x0000000748380000, 0x00000007c0000000)
  eden space 98304K, 36% used [0x0000000740380000,0x00000007426181b8,0x0000000746380000)
  from space 16384K, 0% used [0x0000000747380000,0x0000000747380000,0x0000000748380000)
  to   space 16384K, 0% used [0x0000000746380000,0x0000000746380000,0x0000000747380000)
 ParOldGen       total 262144K, used 0K [0x0000000640a00000, 0x0000000650a00000, 0x0000000740380000)
  object space 262144K, 0% used [0x0000000640a00000,0x0000000640a00000,0x0000000650a00000)
 Metaspace       used 6369K, capacity 6552K, committed 6784K, reserved 1056768K
  class space    used 778K, capacity 822K, committed 896K, reserved 1048576K

Card table byte_map: [0x0000000012030000,0x0000000012c30000] byte_map_base: 0x000000000ee2b000

Marking Bits: (ParMarkBitMap*) 0x00000000734d2d00
 Begin Bits: [0x0000000013c30000, 0x0000000019c08000)
 End Bits:   [0x0000000019c08000, 0x000000001fbe0000)

Polling page: 0x0000000000c10000

CodeCache: size=245760Kb used=2605Kb max_used=2605Kb free=243154Kb
 bounds [0x0000000002c70000, 0x0000000002f00000, 0x0000000011c70000]
 total_blobs=753 nmethods=486 adapters=188
 compilation: enabled

Compilation events (10 events):
Event: 0.553 Thread 0x0000000023c0f800  481       3       java.util.ArrayList::<init> (12 bytes)
Event: 0.553 Thread 0x0000000023c0f800 nmethod 481 0x0000000002efb490 code [0x0000000002efb600, 0x0000000002efb890]
Event: 0.554 Thread 0x0000000023c0f800  482       3       com.intellij.rt.execution.junit.MapSerializerUtil$1::escape (124 bytes)
Event: 0.554 Thread 0x0000000023c0f800 nmethod 482 0x0000000002efb9d0 code [0x0000000002efbb40, 0x0000000002efbdb0]
Event: 6.831 Thread 0x0000000023c0f800  484       1       java.lang.reflect.Field::getName (5 bytes)
Event: 6.831 Thread 0x0000000023c0f800 nmethod 484 0x0000000002efc1d0 code [0x0000000002efc320, 0x0000000002efc430]
Event: 6.832 Thread 0x0000000023c0f800  485       3       java.lang.ThreadLocal::getMap (5 bytes)
Event: 6.832 Thread 0x0000000023c0f800 nmethod 485 0x0000000002efc490 code [0x0000000002efc5e0, 0x0000000002efc730]
Event: 15.746 Thread 0x0000000023c0f800  486       3       java.lang.ThreadLocal::get (38 bytes)
Event: 15.746 Thread 0x0000000023c0f800 nmethod 486 0x0000000002efc7d0 code [0x0000000002efc960, 0x0000000002efccd8]

GC Heap History (0 events):
No events

Deoptimization events (1 events):
Event: 0.424 Thread 0x0000000002a77800 Uncommon trap: reason=null_check action=make_not_entrant pc=0x0000000002e7a328 method=java.lang.String.equals(Ljava/lang/Object;)Z @ 8

Classes redefined (2 events):
Event: 62.595 Thread 0x00000000211ca000 redefined class name=br.com.wirecard.mocks.service.PessoaServiceTest, count=1
Event: 254.834 Thread 0x00000000211ca000 redefined class name=br.com.wirecard.mocks.service.PessoaServiceTest, count=2

Internal exceptions (8 events):
Event: 0.030 Thread 0x0000000002a77800 Exception <a 'java/lang/NoSuchMethodError': Method sun.misc.Unsafe.defineClass(Ljava/lang/String;[BII)Ljava/lang/Class; name or signature does not match> (0x0000000740387cb0) thrown at [C:\re\workspace\8-2-build-windows-amd64-cygwin\jdk8u181\11358\hotspot
Event: 0.030 Thread 0x0000000002a77800 Exception <a 'java/lang/NoSuchMethodError': Method sun.misc.Unsafe.prefetchRead(Ljava/lang/Object;J)V name or signature does not match> (0x0000000740387f98) thrown at [C:\re\workspace\8-2-build-windows-amd64-cygwin\jdk8u181\11358\hotspot\src\share\vm\prim
Event: 0.237 Thread 0x0000000002a77800 Exception <a 'java/io/FileNotFoundException'> (0x0000000740b3aac8) thrown at [C:\re\workspace\8-2-build-windows-amd64-cygwin\jdk8u181\11358\hotspot\src\share\vm\prims\jni.cpp, line 709]
Event: 0.250 Thread 0x0000000002a77800 Exception <a 'java/security/PrivilegedActionException'> (0x0000000740b91b40) thrown at [C:\re\workspace\8-2-build-windows-amd64-cygwin\jdk8u181\11358\hotspot\src\share\vm\prims\jvm.cpp, line 1435]
Event: 0.250 Thread 0x0000000002a77800 Exception <a 'java/security/PrivilegedActionException'> (0x0000000740b91d50) thrown at [C:\re\workspace\8-2-build-windows-amd64-cygwin\jdk8u181\11358\hotspot\src\share\vm\prims\jvm.cpp, line 1435]
Event: 0.251 Thread 0x0000000002a77800 Exception <a 'java/security/PrivilegedActionException'> (0x0000000740b95c60) thrown at [C:\re\workspace\8-2-build-windows-amd64-cygwin\jdk8u181\11358\hotspot\src\share\vm\prims\jvm.cpp, line 1435]
Event: 0.251 Thread 0x0000000002a77800 Exception <a 'java/security/PrivilegedActionException'> (0x0000000740b95e70) thrown at [C:\re\workspace\8-2-build-windows-amd64-cygwin\jdk8u181\11358\hotspot\src\share\vm\prims\jvm.cpp, line 1435]
Event: 0.424 Thread 0x0000000002a77800 Implicit null exception at 0x0000000002e7a09b to 0x0000000002e7a319

Events (10 events):
Event: 254.885 Executing VM operation: ChangeBreakpoints done
Event: 254.886 Executing VM operation: ChangeBreakpoints
Event: 254.886 Executing VM operation: ChangeBreakpoints done
Event: 254.887 Executing VM operation: ChangeBreakpoints
Event: 254.887 Executing VM operation: ChangeBreakpoints done
Event: 254.887 Executing VM operation: ChangeBreakpoints
Event: 254.888 Executing VM operation: ChangeBreakpoints done
Event: 254.931 Executing VM operation: ChangeBreakpoints
Event: 254.931 Executing VM operation: ChangeBreakpoints done
Event: 254.946 Executing VM operation: GetOrSetLocal


Dynamic libraries:
0x00007ff78ef70000 - 0x00007ff78efa7000 	D:\Program Files\Java\jdk1.8.0_181\bin\java.exe
0x00007ffb18da0000 - 0x00007ffb18f90000 	C:\WINDOWS\SYSTEM32\ntdll.dll
0x00007ffb17ff0000 - 0x00007ffb180a2000 	C:\WINDOWS\System32\KERNEL32.DLL
0x00007ffb163f0000 - 0x00007ffb16694000 	C:\WINDOWS\System32\KERNELBASE.dll
0x00007ffb17d10000 - 0x00007ffb17db3000 	C:\WINDOWS\System32\ADVAPI32.dll
0x00007ffb18430000 - 0x00007ffb184ce000 	C:\WINDOWS\System32\msvcrt.dll
0x00007ffb18680000 - 0x00007ffb18717000 	C:\WINDOWS\System32\sechost.dll
0x00007ffb18720000 - 0x00007ffb18840000 	C:\WINDOWS\System32\RPCRT4.dll
0x00007ffb18290000 - 0x00007ffb18424000 	C:\WINDOWS\System32\USER32.dll
0x00007ffb16220000 - 0x00007ffb16241000 	C:\WINDOWS\System32\win32u.dll
0x00007ffb17b70000 - 0x00007ffb17b96000 	C:\WINDOWS\System32\GDI32.dll
0x00007ffb16250000 - 0x00007ffb163e4000 	C:\WINDOWS\System32\gdi32full.dll
0x00007ffb15ed0000 - 0x00007ffb15f6e000 	C:\WINDOWS\System32\msvcp_win.dll
0x00007ffb16010000 - 0x00007ffb1610a000 	C:\WINDOWS\System32\ucrtbase.dll
0x00007ffafefe0000 - 0x00007ffaff264000 	C:\WINDOWS\WinSxS\amd64_microsoft.windows.common-controls_6595b64144ccf1df_6.0.18362.836_none_e6c4b943130f18ed\COMCTL32.dll
0x00007ffb17830000 - 0x00007ffb17b66000 	C:\WINDOWS\System32\combase.dll
0x00007ffb15f90000 - 0x00007ffb16010000 	C:\WINDOWS\System32\bcryptPrimitives.dll
0x00007ffb17ba0000 - 0x00007ffb17bce000 	C:\WINDOWS\System32\IMM32.DLL
0x0000000073560000 - 0x0000000073632000 	D:\Program Files\Java\jdk1.8.0_181\jre\bin\msvcr100.dll
0x0000000072cb0000 - 0x0000000073552000 	D:\Program Files\Java\jdk1.8.0_181\jre\bin\server\jvm.dll
0x00007ffb18850000 - 0x00007ffb18858000 	C:\WINDOWS\System32\PSAPI.DLL
0x00007ffb06970000 - 0x00007ffb06979000 	C:\WINDOWS\SYSTEM32\WSOCK32.dll
0x00007ffb13970000 - 0x00007ffb13994000 	C:\WINDOWS\SYSTEM32\WINMM.dll
0x00007ffb18cd0000 - 0x00007ffb18d3f000 	C:\WINDOWS\System32\WS2_32.dll
0x00007ffb10710000 - 0x00007ffb1071a000 	C:\WINDOWS\SYSTEM32\VERSION.dll
0x00007ffb139d0000 - 0x00007ffb139fd000 	C:\WINDOWS\SYSTEM32\winmmbase.dll
0x00007ffb15d30000 - 0x00007ffb15d7a000 	C:\WINDOWS\System32\cfgmgr32.dll
0x0000000072ca0000 - 0x0000000072caf000 	D:\Program Files\Java\jdk1.8.0_181\jre\bin\verify.dll
0x0000000072c70000 - 0x0000000072c99000 	D:\Program Files\Java\jdk1.8.0_181\jre\bin\java.dll
0x0000000074320000 - 0x0000000074355000 	D:\Program Files\Java\jdk1.8.0_181\jre\bin\jdwp.dll
0x0000000074310000 - 0x0000000074318000 	D:\Program Files\Java\jdk1.8.0_181\jre\bin\npt.dll
0x00000000742e0000 - 0x0000000074303000 	D:\Program Files\Java\jdk1.8.0_181\jre\bin\instrument.dll
0x0000000072c50000 - 0x0000000072c66000 	D:\Program Files\Java\jdk1.8.0_181\jre\bin\zip.dll
0x00007ffb16ed0000 - 0x00007ffb175b4000 	C:\WINDOWS\System32\SHELL32.dll
0x00007ffb18180000 - 0x00007ffb18229000 	C:\WINDOWS\System32\shcore.dll
0x00007ffb166a0000 - 0x00007ffb16e1e000 	C:\WINDOWS\System32\windows.storage.dll
0x00007ffb15d00000 - 0x00007ffb15d23000 	C:\WINDOWS\System32\profapi.dll
0x00007ffb15cb0000 - 0x00007ffb15cfa000 	C:\WINDOWS\System32\powrprof.dll
0x00007ffb15c60000 - 0x00007ffb15c70000 	C:\WINDOWS\System32\UMPDC.dll
0x00007ffb18230000 - 0x00007ffb18282000 	C:\WINDOWS\System32\shlwapi.dll
0x00007ffb15c90000 - 0x00007ffb15ca1000 	C:\WINDOWS\System32\kernel.appcore.dll
0x00007ffb15f70000 - 0x00007ffb15f87000 	C:\WINDOWS\System32\cryptsp.dll
0x00000000742d0000 - 0x00000000742d9000 	D:\Program Files\Java\jdk1.8.0_181\jre\bin\dt_socket.dll
0x00007ffb15470000 - 0x00007ffb154d7000 	C:\WINDOWS\system32\mswsock.dll
0x00007ffb144f0000 - 0x00007ffb146e4000 	C:\WINDOWS\SYSTEM32\dbghelp.dll

VM Arguments:
jvm_args: -agentlib:jdwp=transport=dt_socket,address=127.0.0.1:58090,suspend=y,server=n -ea -Didea.test.cyclic.buffer.size=1048576 -javaagent:C:\Users\PENHA\.IntelliJIdea2018.2\system\captureAgent\debugger-agent.jar=file:/C:/Users/PENHA/AppData/Local/Temp/capture.props -Dfile.encoding=UTF-8 
java_command: com.intellij.rt.execution.junit.JUnitStarter -ideVersion5 -junit4 br.com.wirecard.mocks.service.PessoaServiceTest,testaSaveNoBanco
java_class_path (initial): C:\Program Files\JetBrains\IntelliJ IDEA 2018.2.1\lib\idea_rt.jar;C:\Program Files\JetBrains\IntelliJ IDEA 2018.2.1\plugins\junit\lib\junit-rt.jar;C:\Program Files\JetBrains\IntelliJ IDEA 2018.2.1\plugins\junit\lib\junit5-rt.jar;D:\Program Files\Java\jdk1.8.0_181\jre\lib\charsets.jar;D:\Program Files\Java\jdk1.8.0_181\jre\lib\deploy.jar;D:\Program Files\Java\jdk1.8.0_181\jre\lib\ext\access-bridge-64.jar;D:\Program Files\Java\jdk1.8.0_181\jre\lib\ext\cldrdata.jar;D:\Program Files\Java\jdk1.8.0_181\jre\lib\ext\dnsns.jar;D:\Program Files\Java\jdk1.8.0_181\jre\lib\ext\jaccess.jar;D:\Program Files\Java\jdk1.8.0_181\jre\lib\ext\jfxrt.jar;D:\Program Files\Java\jdk1.8.0_181\jre\lib\ext\localedata.jar;D:\Program Files\Java\jdk1.8.0_181\jre\lib\ext\nashorn.jar;D:\Program Files\Java\jdk1.8.0_181\jre\lib\ext\sunec.jar;D:\Program Files\Java\jdk1.8.0_181\jre\lib\ext\sunjce_provider.jar;D:\Program Files\Java\jdk1.8.0_181\jre\lib\ext\sunmscapi.jar;D:\Program Files\Java\jdk1.8.0_181\jre\lib\ext\sunpkcs11.jar;D:\Program Files\Java\jdk1.8.0_181\jre\lib\ext\zipfs.jar;D:\Program Files\Java\jdk1.8.0_181\jre\lib\javaws.jar;D:\Program Files\Java\jdk1.8.0_181\jre\lib\jce.jar;D:\Program Files\Java\jdk1.8.0_181\jre\lib\jfr.jar;D:\Program Files\Java\jdk1.8.0_181\jre\lib\jfxswt.jar;D:\Program Files\Java\jdk1.8.0_181\jre\lib\jsse.jar;D:\Program Files\Java\jdk1.8.0_181\jre\lib\management-agent.jar;D:\Program Files\Java\jdk1.8.0_181\jre\lib\plugin.jar;D:\Program Files\Java\jdk1.8.0_181\jre\lib\resources.jar;D:\Program Files\Java\jdk1.8.0_181\jre\lib\rt.jar;C:\Users\PENHA\Desktop\wirecard\mocks\target\test-classes;C:\Users\PENHA\Desktop\wirecard\mocks\target\classes;C:\Users\PENHA\Downloads\mysql-connector-java-8.0.20.jar;C:\Users\PENHA\.m2\repository\org\springframework\boot\spring-boot-starter-web\1.5.14.RELEASE\spring-boot-starter-web-1.5.14.RELEASE.jar;C:\Users\PENHA\.m2\repository\org\springframework\boot\spring-boot-starter\1.5.14.RELEASE\spring-boot-starter-1.5.1
Launcher Type: SUN_STANDARD

Environment Variables:
JAVA_HOME=D:\Program Files\Java\jdk1.8.0_181
PATH=C:\Python38\Scripts\;C:\Python38\;C:\Program Files (x86)\Razer Chroma SDK\bin;C:\Program Files\Razer Chroma SDK\bin;C:\Program Files (x86)\Common Files\Oracle\Java\javapath;C:\Windows\system32;C:\Windows;C:\Windows\System32\Wbem;C:\Windows\System32\WindowsPowerShell\v1.0\;C:\Program Files (x86)\NVIDIA Corporation\PhysX\Common;C:\WINDOWS\system32;C:\WINDOWS;C:\WINDOWS\System32\Wbem;C:\WINDOWS\System32\WindowsPowerShell\v1.0\;C:\WINDOWS\System32\OpenSSH\;D:\Program Files\Java\jdk1.8.0_181\bin;C:\WINDOWS\system32\config\systemprofile\AppData\Local\Microsoft\WindowsApps;C:\Users\PENHA\Desktop\TRAMPO\Desenv\Software\gradle-4.9\bin;D:\Program Files\Git\cmd;C:\Program Files\NVIDIA Corporation\NVIDIA NvDLISR;D:\Program Files\maven\apache-maven-3.6.0\bin;;C:\WINDOWS\system32;C:\WINDOWS;C:\WINDOWS\System32\Wbem;C:\WINDOWS\System32\WindowsPowerShell\v1.0\;C:\WINDOWS\System32\OpenSSH\;C:\Program Files\nodejs\;C:\ProgramData\chocolatey\bin;C:\Users\PENHA\AppData\Local\Programs\Python\Python38-32\Scripts\;C:\Users\PENHA\AppData\Local\Programs\Python\Python38-32\;C:\Ruby25-x64\bin;D:\Ruby26-x64\bin;C:\Users\PENHA\AppData\Local\Microsoft\WindowsApps;;D:\Program Files\Docker Toolbox;C:\Users\PENHA\AppData\Roaming\npm
USERNAME=PENHA
OS=Windows_NT
PROCESSOR_IDENTIFIER=Intel64 Family 6 Model 158 Stepping 9, GenuineIntel



---------------  S Y S T E M  ---------------

OS: Windows 10.0 , 64 bit Build 18362 (10.0.18362.778)

CPU:total 8 (initial active 8) (4 cores per cpu, 2 threads per core) family 6 model 158 stepping 9, cmov, cx8, fxsr, mmx, sse, sse2, sse3, ssse3, sse4.1, sse4.2, popcnt, avx, avx2, aes, clmul, erms, rtm, 3dnowpref, lzcnt, ht, tsc, tscinvbit, bmi1, bmi2, adx

Memory: 4k page, physical 25123556k(14033648k free), swap 26696420k(11247228k free)

vm_info: Java HotSpot(TM) 64-Bit Server VM (25.181-b13) for windows-amd64 JRE (1.8.0_181-b13), built on Jul  7 2018 04:01:33 by "java_re" with MS VC++ 10.0 (VS2010)

time: Wed Jun 10 20:45:34 2020
elapsed time: 254 seconds (0d 0h 4m 14s)

